[0.386s] Invoking command in '/home/amal/ros2_ws/src/my_py_pkg': PYTHONPATH=/home/amal/ros2_ws/build/my_py_pkg/prefix_override:/home/amal/ros2_ws/install/my_py_pkg/lib/python3.10/site-packages:${PYTHONPATH} /usr/bin/python3 setup.py egg_info --egg-base ../../build/my_py_pkg build --build-base /home/amal/ros2_ws/build/my_py_pkg/build install --record /home/amal/ros2_ws/build/my_py_pkg/install.log --single-version-externally-managed
[0.513s] running egg_info
[0.514s] writing ../../build/my_py_pkg/my_py_pkg.egg-info/PKG-INFO
[0.514s] writing dependency_links to ../../build/my_py_pkg/my_py_pkg.egg-info/dependency_links.txt
[0.514s] writing entry points to ../../build/my_py_pkg/my_py_pkg.egg-info/entry_points.txt
[0.514s] writing requirements to ../../build/my_py_pkg/my_py_pkg.egg-info/requires.txt
[0.514s] writing top-level names to ../../build/my_py_pkg/my_py_pkg.egg-info/top_level.txt
[0.515s] reading manifest file '../../build/my_py_pkg/my_py_pkg.egg-info/SOURCES.txt'
[0.515s] writing manifest file '../../build/my_py_pkg/my_py_pkg.egg-info/SOURCES.txt'
[0.515s] running build
[0.515s] running build_py
[0.515s] running install
[0.516s] running install_lib
[0.517s] running install_data
[0.517s] running install_egg_info
[0.518s] removing '/home/amal/ros2_ws/install/my_py_pkg/lib/python3.10/site-packages/my_py_pkg-0.0.0-py3.10.egg-info' (and everything under it)
[0.518s] Copying ../../build/my_py_pkg/my_py_pkg.egg-info to /home/amal/ros2_ws/install/my_py_pkg/lib/python3.10/site-packages/my_py_pkg-0.0.0-py3.10.egg-info
[0.518s] running install_scripts
[0.530s] Installing py_node1 = my_py_pkg.my_first_node:mainpy_node2 script to /home/amal/ros2_ws/install/my_py_pkg/lib/my_py_pkg
[0.530s] writing list of installed files to '/home/amal/ros2_ws/build/my_py_pkg/install.log'
[0.546s] Invoked command in '/home/amal/ros2_ws/src/my_py_pkg' returned '0': PYTHONPATH=/home/amal/ros2_ws/build/my_py_pkg/prefix_override:/home/amal/ros2_ws/install/my_py_pkg/lib/python3.10/site-packages:${PYTHONPATH} /usr/bin/python3 setup.py egg_info --egg-base ../../build/my_py_pkg build --build-base /home/amal/ros2_ws/build/my_py_pkg/build install --record /home/amal/ros2_ws/build/my_py_pkg/install.log --single-version-externally-managed
