[0.488s] Invoking command in '/home/amal/ros2_ws/build/my_py_pkg': PYTHONPATH=/home/amal/ros2_ws/build/my_py_pkg/prefix_override:/home/amal/ros2_ws/install/my_py_pkg/lib/python3.10/site-packages:${PYTHONPATH} /usr/bin/python3 setup.py develop --editable --build-directory /home/amal/ros2_ws/build/my_py_pkg/build --no-deps install_data
[0.651s] running develop
[0.742s] running egg_info
[0.742s] writing my_py_pkg.egg-info/PKG-INFO
[0.743s] writing dependency_links to my_py_pkg.egg-info/dependency_links.txt
[0.743s] writing entry points to my_py_pkg.egg-info/entry_points.txt
[0.743s] writing requirements to my_py_pkg.egg-info/requires.txt
[0.743s] writing top-level names to my_py_pkg.egg-info/top_level.txt
[0.744s] reading manifest file 'my_py_pkg.egg-info/SOURCES.txt'
[0.745s] writing manifest file 'my_py_pkg.egg-info/SOURCES.txt'
[0.773s] running build_ext
[0.773s] Creating /home/amal/ros2_ws/install/my_py_pkg/lib/python3.10/site-packages/my-py-pkg.egg-link (link to .)
[0.773s] Installing add_two_int_server=my_py_pkg.add_two_int_server:mainadd_two_ints_client_no_opp script to /home/amal/ros2_ws/install/my_py_pkg/lib/my_py_pkg
[0.773s] Installing number_counter script to /home/amal/ros2_ws/install/my_py_pkg/lib/my_py_pkg
[0.774s] Installing number_publisher script to /home/amal/ros2_ws/install/my_py_pkg/lib/my_py_pkg
[0.774s] Installing python_node script to /home/amal/ros2_ws/install/my_py_pkg/lib/my_py_pkg
[0.774s] Installing robot_news_station script to /home/amal/ros2_ws/install/my_py_pkg/lib/my_py_pkg
[0.774s] Installing smartphone script to /home/amal/ros2_ws/install/my_py_pkg/lib/my_py_pkg
[0.774s] 
[0.774s] Installed /home/amal/ros2_ws/build/my_py_pkg
[0.774s] running install_data
[0.795s] Invoked command in '/home/amal/ros2_ws/build/my_py_pkg' returned '0': PYTHONPATH=/home/amal/ros2_ws/build/my_py_pkg/prefix_override:/home/amal/ros2_ws/install/my_py_pkg/lib/python3.10/site-packages:${PYTHONPATH} /usr/bin/python3 setup.py develop --editable --build-directory /home/amal/ros2_ws/build/my_py_pkg/build --no-deps install_data
