[0.418s] Invoking command in '/home/amal/ros2_ws/src/my_py_pkg': PYTHONPATH=/home/amal/ros2_ws/build/my_py_pkg/prefix_override:/home/amal/ros2_ws/install/my_py_pkg/lib/python3.10/site-packages:${PYTHONPATH} /usr/bin/python3 setup.py egg_info --egg-base ../../build/my_py_pkg build --build-base /home/amal/ros2_ws/build/my_py_pkg/build install --record /home/amal/ros2_ws/build/my_py_pkg/install.log --single-version-externally-managed
[0.546s] running egg_info
[0.547s] writing ../../build/my_py_pkg/my_py_pkg.egg-info/PKG-INFO
[0.549s] writing dependency_links to ../../build/my_py_pkg/my_py_pkg.egg-info/dependency_links.txt
[0.549s] writing entry points to ../../build/my_py_pkg/my_py_pkg.egg-info/entry_points.txt
[0.549s] writing requirements to ../../build/my_py_pkg/my_py_pkg.egg-info/requires.txt
[0.549s] writing top-level names to ../../build/my_py_pkg/my_py_pkg.egg-info/top_level.txt
[0.550s] reading manifest file '../../build/my_py_pkg/my_py_pkg.egg-info/SOURCES.txt'
[0.550s] writing manifest file '../../build/my_py_pkg/my_py_pkg.egg-info/SOURCES.txt'
[0.551s] running build
[0.551s] running build_py
[0.551s] copying my_py_pkg/my_second_node.py -> /home/amal/ros2_ws/build/my_py_pkg/build/lib/my_py_pkg
[0.551s] running install
[0.551s] running install_lib
[0.552s] copying /home/amal/ros2_ws/build/my_py_pkg/build/lib/my_py_pkg/my_second_node.py -> /home/amal/ros2_ws/install/my_py_pkg/lib/python3.10/site-packages/my_py_pkg
[0.552s] byte-compiling /home/amal/ros2_ws/install/my_py_pkg/lib/python3.10/site-packages/my_py_pkg/my_second_node.py to my_second_node.cpython-310.pyc
[0.552s] running install_data
[0.553s] running install_egg_info
[0.554s] removing '/home/amal/ros2_ws/install/my_py_pkg/lib/python3.10/site-packages/my_py_pkg-0.0.0-py3.10.egg-info' (and everything under it)
[0.554s] Copying ../../build/my_py_pkg/my_py_pkg.egg-info to /home/amal/ros2_ws/install/my_py_pkg/lib/python3.10/site-packages/my_py_pkg-0.0.0-py3.10.egg-info
[0.555s] running install_scripts
[0.566s] Installing py_node script to /home/amal/ros2_ws/install/my_py_pkg/lib/my_py_pkg
[0.567s] writing list of installed files to '/home/amal/ros2_ws/build/my_py_pkg/install.log'
[0.582s] Invoked command in '/home/amal/ros2_ws/src/my_py_pkg' returned '0': PYTHONPATH=/home/amal/ros2_ws/build/my_py_pkg/prefix_override:/home/amal/ros2_ws/install/my_py_pkg/lib/python3.10/site-packages:${PYTHONPATH} /usr/bin/python3 setup.py egg_info --egg-base ../../build/my_py_pkg build --build-base /home/amal/ros2_ws/build/my_py_pkg/build install --record /home/amal/ros2_ws/build/my_py_pkg/install.log --single-version-externally-managed
