[0.847s] Invoking command in '/home/amal/ros2_ws/build/my_py_pkg': PYTHONPATH=/home/amal/ros2_ws/build/my_py_pkg/prefix_override:/home/amal/ros2_ws/install/my_py_pkg/lib/python3.10/site-packages:${PYTHONPATH} /usr/bin/python3 setup.py develop --uninstall --editable --build-directory /home/amal/ros2_ws/build/my_py_pkg/build
[1.102s] running develop
[1.245s] Removing /home/amal/ros2_ws/install/my_py_pkg/lib/python3.10/site-packages/my-py-pkg.egg-link (link to .)
[1.272s] Invoked command in '/home/amal/ros2_ws/build/my_py_pkg' returned '0': PYTHONPATH=/home/amal/ros2_ws/build/my_py_pkg/prefix_override:/home/amal/ros2_ws/install/my_py_pkg/lib/python3.10/site-packages:${PYTHONPATH} /usr/bin/python3 setup.py develop --uninstall --editable --build-directory /home/amal/ros2_ws/build/my_py_pkg/build
[1.274s] Invoking command in '/home/amal/ros2_ws/src/my_py_pkg': PYTHONPATH=/home/amal/ros2_ws/build/my_py_pkg/prefix_override:/home/amal/ros2_ws/install/my_py_pkg/lib/python3.10/site-packages:${PYTHONPATH} /usr/bin/python3 setup.py egg_info --egg-base ../../build/my_py_pkg build --build-base /home/amal/ros2_ws/build/my_py_pkg/build install --record /home/amal/ros2_ws/build/my_py_pkg/install.log --single-version-externally-managed
[1.509s] running egg_info
[1.509s] writing ../../build/my_py_pkg/my_py_pkg.egg-info/PKG-INFO
[1.509s] writing dependency_links to ../../build/my_py_pkg/my_py_pkg.egg-info/dependency_links.txt
[1.510s] writing entry points to ../../build/my_py_pkg/my_py_pkg.egg-info/entry_points.txt
[1.510s] writing requirements to ../../build/my_py_pkg/my_py_pkg.egg-info/requires.txt
[1.510s] writing top-level names to ../../build/my_py_pkg/my_py_pkg.egg-info/top_level.txt
[1.511s] reading manifest file '../../build/my_py_pkg/my_py_pkg.egg-info/SOURCES.txt'
[1.512s] writing manifest file '../../build/my_py_pkg/my_py_pkg.egg-info/SOURCES.txt'
[1.512s] running build
[1.512s] running build_py
[1.512s] copying my_py_pkg/my_first_node.py -> /home/amal/ros2_ws/build/my_py_pkg/build/lib/my_py_pkg
[1.512s] copying my_py_pkg/robot_news_station.py -> /home/amal/ros2_ws/build/my_py_pkg/build/lib/my_py_pkg
[1.512s] running install
[1.513s] running install_lib
[1.513s] copying /home/amal/ros2_ws/build/my_py_pkg/build/lib/my_py_pkg/my_first_node.py -> /home/amal/ros2_ws/install/my_py_pkg/lib/python3.10/site-packages/my_py_pkg
[1.513s] copying /home/amal/ros2_ws/build/my_py_pkg/build/lib/my_py_pkg/robot_news_station.py -> /home/amal/ros2_ws/install/my_py_pkg/lib/python3.10/site-packages/my_py_pkg
[1.514s] copying /home/amal/ros2_ws/build/my_py_pkg/build/lib/my_py_pkg/__init__.py -> /home/amal/ros2_ws/install/my_py_pkg/lib/python3.10/site-packages/my_py_pkg
[1.514s] byte-compiling /home/amal/ros2_ws/install/my_py_pkg/lib/python3.10/site-packages/my_py_pkg/my_first_node.py to my_first_node.cpython-310.pyc
[1.514s] byte-compiling /home/amal/ros2_ws/install/my_py_pkg/lib/python3.10/site-packages/my_py_pkg/robot_news_station.py to robot_news_station.cpython-310.pyc
[1.515s] byte-compiling /home/amal/ros2_ws/install/my_py_pkg/lib/python3.10/site-packages/my_py_pkg/__init__.py to __init__.cpython-310.pyc
[1.515s] running install_data
[1.515s] running install_egg_info
[1.517s] Copying ../../build/my_py_pkg/my_py_pkg.egg-info to /home/amal/ros2_ws/install/my_py_pkg/lib/python3.10/site-packages/my_py_pkg-0.0.0-py3.10.egg-info
[1.518s] running install_scripts
[1.538s] Installing python_node script to /home/amal/ros2_ws/install/my_py_pkg/lib/my_py_pkg
[1.538s] Installing robot_news_station script to /home/amal/ros2_ws/install/my_py_pkg/lib/my_py_pkg
[1.539s] writing list of installed files to '/home/amal/ros2_ws/build/my_py_pkg/install.log'
[1.563s] Invoked command in '/home/amal/ros2_ws/src/my_py_pkg' returned '0': PYTHONPATH=/home/amal/ros2_ws/build/my_py_pkg/prefix_override:/home/amal/ros2_ws/install/my_py_pkg/lib/python3.10/site-packages:${PYTHONPATH} /usr/bin/python3 setup.py egg_info --egg-base ../../build/my_py_pkg build --build-base /home/amal/ros2_ws/build/my_py_pkg/build install --record /home/amal/ros2_ws/build/my_py_pkg/install.log --single-version-externally-managed
