[0.645s] Invoking command in '/home/amal/ros2_ws/build/my_py_pkg': PYTHONPATH=/home/amal/ros2_ws/build/my_py_pkg/prefix_override:/home/amal/ros2_ws/install/my_py_pkg/lib/python3.10/site-packages:${PYTHONPATH} /usr/bin/python3 setup.py develop --editable --build-directory /home/amal/ros2_ws/build/my_py_pkg/build --no-deps install_data
[0.843s] running develop
[0.956s] running egg_info
[0.956s] writing my_py_pkg.egg-info/PKG-INFO
[0.957s] writing dependency_links to my_py_pkg.egg-info/dependency_links.txt
[0.957s] writing entry points to my_py_pkg.egg-info/entry_points.txt
[0.957s] writing requirements to my_py_pkg.egg-info/requires.txt
[0.957s] writing top-level names to my_py_pkg.egg-info/top_level.txt
[0.958s] reading manifest file 'my_py_pkg.egg-info/SOURCES.txt'
[0.959s] writing manifest file 'my_py_pkg.egg-info/SOURCES.txt'
[0.993s] running build_ext
[0.993s] Creating /home/amal/ros2_ws/install/my_py_pkg/lib/python3.10/site-packages/my-py-pkg.egg-link (link to .)
[0.994s] Installing add_two_int_server script to /home/amal/ros2_ws/install/my_py_pkg/lib/my_py_pkg
[0.994s] Installing number_counter script to /home/amal/ros2_ws/install/my_py_pkg/lib/my_py_pkg
[0.994s] Installing number_publisher script to /home/amal/ros2_ws/install/my_py_pkg/lib/my_py_pkg
[0.994s] Installing python_node script to /home/amal/ros2_ws/install/my_py_pkg/lib/my_py_pkg
[0.994s] Installing robot_news_station script to /home/amal/ros2_ws/install/my_py_pkg/lib/my_py_pkg
[0.994s] Installing smartphone script to /home/amal/ros2_ws/install/my_py_pkg/lib/my_py_pkg
[0.994s] 
[0.994s] Installed /home/amal/ros2_ws/build/my_py_pkg
[0.994s] running install_data
[1.020s] Invoked command in '/home/amal/ros2_ws/build/my_py_pkg' returned '0': PYTHONPATH=/home/amal/ros2_ws/build/my_py_pkg/prefix_override:/home/amal/ros2_ws/install/my_py_pkg/lib/python3.10/site-packages:${PYTHONPATH} /usr/bin/python3 setup.py develop --editable --build-directory /home/amal/ros2_ws/build/my_py_pkg/build --no-deps install_data
