[0.066s] Invoking command in '/home/amal/ros2_ws/build/my_cpp_pkg': CMAKE_PREFIX_PATH=${CMAKE_PREFIX_PATH}:/home/amal/ros2_ws/install/my_py_pkg:/opt/ros/humble /usr/bin/cmake --build /home/amal/ros2_ws/build/my_cpp_pkg -- -j16 -l16
[0.103s] [35m[1mConsolidate compiler generated dependencies of target cpp_node[0m
[0.119s] [ 50%] [32mBuilding CXX object CMakeFiles/cpp_node.dir/src/my_first_node.cpp.o[0m
[2.850s] [100%] [32m[1mLinking CXX executable cpp_node[0m
[2.967s] [100%] Built target cpp_node
[2.979s] Invoked command in '/home/amal/ros2_ws/build/my_cpp_pkg' returned '0': CMAKE_PREFIX_PATH=${CMAKE_PREFIX_PATH}:/home/amal/ros2_ws/install/my_py_pkg:/opt/ros/humble /usr/bin/cmake --build /home/amal/ros2_ws/build/my_cpp_pkg -- -j16 -l16
[3.011s] Invoking command in '/home/amal/ros2_ws/build/my_cpp_pkg': CMAKE_PREFIX_PATH=${CMAKE_PREFIX_PATH}:/home/amal/ros2_ws/install/my_py_pkg:/opt/ros/humble /usr/bin/cmake --install /home/amal/ros2_ws/build/my_cpp_pkg
[3.018s] -- Install configuration: ""
[3.018s] -- Installing: /home/amal/ros2_ws/install/my_cpp_pkg/lib/my_cpp_pkg/cpp_node
[3.019s] -- Set runtime path of "/home/amal/ros2_ws/install/my_cpp_pkg/lib/my_cpp_pkg/cpp_node" to ""
[3.019s] -- Up-to-date: /home/amal/ros2_ws/install/my_cpp_pkg/share/ament_index/resource_index/package_run_dependencies/my_cpp_pkg
[3.019s] -- Up-to-date: /home/amal/ros2_ws/install/my_cpp_pkg/share/ament_index/resource_index/parent_prefix_path/my_cpp_pkg
[3.019s] -- Up-to-date: /home/amal/ros2_ws/install/my_cpp_pkg/share/my_cpp_pkg/environment/ament_prefix_path.sh
[3.019s] -- Up-to-date: /home/amal/ros2_ws/install/my_cpp_pkg/share/my_cpp_pkg/environment/ament_prefix_path.dsv
[3.019s] -- Up-to-date: /home/amal/ros2_ws/install/my_cpp_pkg/share/my_cpp_pkg/environment/path.sh
[3.019s] -- Up-to-date: /home/amal/ros2_ws/install/my_cpp_pkg/share/my_cpp_pkg/environment/path.dsv
[3.019s] -- Up-to-date: /home/amal/ros2_ws/install/my_cpp_pkg/share/my_cpp_pkg/local_setup.bash
[3.019s] -- Up-to-date: /home/amal/ros2_ws/install/my_cpp_pkg/share/my_cpp_pkg/local_setup.sh
[3.020s] -- Up-to-date: /home/amal/ros2_ws/install/my_cpp_pkg/share/my_cpp_pkg/local_setup.zsh
[3.020s] -- Up-to-date: /home/amal/ros2_ws/install/my_cpp_pkg/share/my_cpp_pkg/local_setup.dsv
[3.020s] -- Installing: /home/amal/ros2_ws/install/my_cpp_pkg/share/my_cpp_pkg/package.dsv
[3.020s] -- Up-to-date: /home/amal/ros2_ws/install/my_cpp_pkg/share/ament_index/resource_index/packages/my_cpp_pkg
[3.020s] -- Up-to-date: /home/amal/ros2_ws/install/my_cpp_pkg/share/my_cpp_pkg/cmake/my_cpp_pkgConfig.cmake
[3.020s] -- Up-to-date: /home/amal/ros2_ws/install/my_cpp_pkg/share/my_cpp_pkg/cmake/my_cpp_pkgConfig-version.cmake
[3.021s] -- Up-to-date: /home/amal/ros2_ws/install/my_cpp_pkg/share/my_cpp_pkg/package.xml
[3.021s] Invoked command in '/home/amal/ros2_ws/build/my_cpp_pkg' returned '0': CMAKE_PREFIX_PATH=${CMAKE_PREFIX_PATH}:/home/amal/ros2_ws/install/my_py_pkg:/opt/ros/humble /usr/bin/cmake --install /home/amal/ros2_ws/build/my_cpp_pkg
