[0.395s] Invoking command in '/home/amal/ros2_ws/src/my_py_pkg': PYTHONPATH=/home/amal/ros2_ws/build/my_py_pkg/prefix_override:/home/amal/ros2_ws/install/my_py_pkg/lib/python3.10/site-packages:${PYTHONPATH} /usr/bin/python3 setup.py egg_info --egg-base ../../build/my_py_pkg build --build-base /home/amal/ros2_ws/build/my_py_pkg/build install --record /home/amal/ros2_ws/build/my_py_pkg/install.log --single-version-externally-managed
[0.514s] running egg_info
[0.514s] creating ../../build/my_py_pkg/my_py_pkg.egg-info
[0.514s] writing ../../build/my_py_pkg/my_py_pkg.egg-info/PKG-INFO
[0.514s] writing dependency_links to ../../build/my_py_pkg/my_py_pkg.egg-info/dependency_links.txt
[0.514s] writing entry points to ../../build/my_py_pkg/my_py_pkg.egg-info/entry_points.txt
[0.514s] writing requirements to ../../build/my_py_pkg/my_py_pkg.egg-info/requires.txt
[0.514s] writing top-level names to ../../build/my_py_pkg/my_py_pkg.egg-info/top_level.txt
[0.514s] writing manifest file '../../build/my_py_pkg/my_py_pkg.egg-info/SOURCES.txt'
[0.515s] reading manifest file '../../build/my_py_pkg/my_py_pkg.egg-info/SOURCES.txt'
[0.515s] writing manifest file '../../build/my_py_pkg/my_py_pkg.egg-info/SOURCES.txt'
[0.515s] running build
[0.515s] running build_py
[0.516s] creating /home/amal/ros2_ws/build/my_py_pkg/build
[0.516s] creating /home/amal/ros2_ws/build/my_py_pkg/build/lib
[0.516s] creating /home/amal/ros2_ws/build/my_py_pkg/build/lib/my_py_pkg
[0.516s] copying my_py_pkg/__init__.py -> /home/amal/ros2_ws/build/my_py_pkg/build/lib/my_py_pkg
[0.516s] running install
[0.517s] /usr/lib/python3/dist-packages/setuptools/command/install.py:34: SetuptoolsDeprecationWarning: setup.py install is deprecated. Use build and pip and other standards-based tools.
[0.517s]   warnings.warn(
[0.517s] running install_lib
[0.518s] creating /home/amal/ros2_ws/install/my_py_pkg/lib/python3.10/site-packages/my_py_pkg
[0.518s] copying /home/amal/ros2_ws/build/my_py_pkg/build/lib/my_py_pkg/__init__.py -> /home/amal/ros2_ws/install/my_py_pkg/lib/python3.10/site-packages/my_py_pkg
[0.518s] byte-compiling /home/amal/ros2_ws/install/my_py_pkg/lib/python3.10/site-packages/my_py_pkg/__init__.py to __init__.cpython-310.pyc
[0.518s] running install_data
[0.518s] creating /home/amal/ros2_ws/install/my_py_pkg/share/ament_index
[0.518s] creating /home/amal/ros2_ws/install/my_py_pkg/share/ament_index/resource_index
[0.518s] creating /home/amal/ros2_ws/install/my_py_pkg/share/ament_index/resource_index/packages
[0.518s] copying resource/my_py_pkg -> /home/amal/ros2_ws/install/my_py_pkg/share/ament_index/resource_index/packages
[0.518s] copying package.xml -> /home/amal/ros2_ws/install/my_py_pkg/share/my_py_pkg
[0.519s] running install_egg_info
[0.519s] Copying ../../build/my_py_pkg/my_py_pkg.egg-info to /home/amal/ros2_ws/install/my_py_pkg/lib/python3.10/site-packages/my_py_pkg-0.0.0-py3.10.egg-info
[0.520s] running install_scripts
[0.532s] writing list of installed files to '/home/amal/ros2_ws/build/my_py_pkg/install.log'
[0.547s] Invoked command in '/home/amal/ros2_ws/src/my_py_pkg' returned '0': PYTHONPATH=/home/amal/ros2_ws/build/my_py_pkg/prefix_override:/home/amal/ros2_ws/install/my_py_pkg/lib/python3.10/site-packages:${PYTHONPATH} /usr/bin/python3 setup.py egg_info --egg-base ../../build/my_py_pkg build --build-base /home/amal/ros2_ws/build/my_py_pkg/build install --record /home/amal/ros2_ws/build/my_py_pkg/install.log --single-version-externally-managed
