[0.832s] Invoking command in '/home/amal/ros2_ws/src/my_py_pkg': PYTHONPATH=/home/amal/ros2_ws/build/my_py_pkg/prefix_override:/home/amal/ros2_ws/install/my_py_pkg/lib/python3.10/site-packages:${PYTHONPATH} /usr/bin/python3 setup.py egg_info --egg-base ../../build/my_py_pkg build --build-base /home/amal/ros2_ws/build/my_py_pkg/build install --record /home/amal/ros2_ws/build/my_py_pkg/install.log --single-version-externally-managed
[1.064s] running egg_info
[1.064s] writing ../../build/my_py_pkg/my_py_pkg.egg-info/PKG-INFO
[1.067s] writing dependency_links to ../../build/my_py_pkg/my_py_pkg.egg-info/dependency_links.txt
[1.067s] writing entry points to ../../build/my_py_pkg/my_py_pkg.egg-info/entry_points.txt
[1.067s] writing requirements to ../../build/my_py_pkg/my_py_pkg.egg-info/requires.txt
[1.067s] writing top-level names to ../../build/my_py_pkg/my_py_pkg.egg-info/top_level.txt
[1.069s] reading manifest file '../../build/my_py_pkg/my_py_pkg.egg-info/SOURCES.txt'
[1.070s] writing manifest file '../../build/my_py_pkg/my_py_pkg.egg-info/SOURCES.txt'
[1.070s] running build
[1.070s] running build_py
[1.071s] copying my_py_pkg/my_first_node.py -> /home/amal/ros2_ws/build/my_py_pkg/build/lib/my_py_pkg
[1.071s] running install
[1.071s] running install_lib
[1.072s] copying /home/amal/ros2_ws/build/my_py_pkg/build/lib/my_py_pkg/my_first_node.py -> /home/amal/ros2_ws/install/my_py_pkg/lib/python3.10/site-packages/my_py_pkg
[1.073s] byte-compiling /home/amal/ros2_ws/install/my_py_pkg/lib/python3.10/site-packages/my_py_pkg/my_first_node.py to my_first_node.cpython-310.pyc
[1.073s] running install_data
[1.073s] running install_egg_info
[1.075s] removing '/home/amal/ros2_ws/install/my_py_pkg/lib/python3.10/site-packages/my_py_pkg-0.0.0-py3.10.egg-info' (and everything under it)
[1.075s] Copying ../../build/my_py_pkg/my_py_pkg.egg-info to /home/amal/ros2_ws/install/my_py_pkg/lib/python3.10/site-packages/my_py_pkg-0.0.0-py3.10.egg-info
[1.076s] running install_scripts
[1.096s] Installing py_node1 script to /home/amal/ros2_ws/install/my_py_pkg/lib/my_py_pkg
[1.097s] writing list of installed files to '/home/amal/ros2_ws/build/my_py_pkg/install.log'
[1.121s] Invoked command in '/home/amal/ros2_ws/src/my_py_pkg' returned '0': PYTHONPATH=/home/amal/ros2_ws/build/my_py_pkg/prefix_override:/home/amal/ros2_ws/install/my_py_pkg/lib/python3.10/site-packages:${PYTHONPATH} /usr/bin/python3 setup.py egg_info --egg-base ../../build/my_py_pkg build --build-base /home/amal/ros2_ws/build/my_py_pkg/build install --record /home/amal/ros2_ws/build/my_py_pkg/install.log --single-version-externally-managed
