[0.070s] Invoking command in '/home/amal/ros2_ws/build/my_cpp_pkg': CMAKE_PREFIX_PATH=${CMAKE_PREFIX_PATH}:/home/amal/ros2_ws/install/my_py_pkg:/opt/ros/humble /usr/bin/cmake --build /home/amal/ros2_ws/build/my_cpp_pkg -- -j16 -l16
[0.133s] -- Found ament_cmake: 1.3.5 (/opt/ros/humble/share/ament_cmake/cmake)
[0.315s] -- Found rclcpp: 16.0.6 (/opt/ros/humble/share/rclcpp/cmake)
[0.379s] -- Found rosidl_generator_c: 3.1.5 (/opt/ros/humble/share/rosidl_generator_c/cmake)
[0.385s] -- Found rosidl_adapter: 3.1.5 (/opt/ros/humble/share/rosidl_adapter/cmake)
[0.397s] -- Found rosidl_generator_cpp: 3.1.5 (/opt/ros/humble/share/rosidl_generator_cpp/cmake)
[0.418s] -- Using all available rosidl_typesupport_c: rosidl_typesupport_fastrtps_c;rosidl_typesupport_introspection_c
[0.445s] -- Using all available rosidl_typesupport_cpp: rosidl_typesupport_fastrtps_cpp;rosidl_typesupport_introspection_cpp
[0.531s] -- Found rmw_implementation_cmake: 6.1.1 (/opt/ros/humble/share/rmw_implementation_cmake/cmake)
[0.535s] -- Found rmw_fastrtps_cpp: 6.2.4 (/opt/ros/humble/share/rmw_fastrtps_cpp/cmake)
[0.676s] -- Using RMW implementation 'rmw_fastrtps_cpp' as default
[0.940s] -- Configuring done
[0.952s] -- Generating done
[0.954s] -- Build files have been written to: /home/amal/ros2_ws/build/my_cpp_pkg
[0.987s] [ 50%] [32mBuilding CXX object CMakeFiles/cpp_node.dir/src/my_first_node.cpp.o[0m
[3.694s] [100%] [32m[1mLinking CXX executable cpp_node[0m
[3.840s] [100%] Built target cpp_node
[3.851s] Invoked command in '/home/amal/ros2_ws/build/my_cpp_pkg' returned '0': CMAKE_PREFIX_PATH=${CMAKE_PREFIX_PATH}:/home/amal/ros2_ws/install/my_py_pkg:/opt/ros/humble /usr/bin/cmake --build /home/amal/ros2_ws/build/my_cpp_pkg -- -j16 -l16
[3.884s] Invoking command in '/home/amal/ros2_ws/build/my_cpp_pkg': CMAKE_PREFIX_PATH=${CMAKE_PREFIX_PATH}:/home/amal/ros2_ws/install/my_py_pkg:/opt/ros/humble /usr/bin/cmake --install /home/amal/ros2_ws/build/my_cpp_pkg
[3.891s] -- Install configuration: ""
[3.891s] -- Installing: /home/amal/ros2_ws/install/my_cpp_pkg/lib/my_cpp_pkg/cpp_node
[3.891s] -- Set runtime path of "/home/amal/ros2_ws/install/my_cpp_pkg/lib/my_cpp_pkg/cpp_node" to ""
[3.892s] -- Up-to-date: /home/amal/ros2_ws/install/my_cpp_pkg/share/ament_index/resource_index/package_run_dependencies/my_cpp_pkg
[3.892s] -- Installing: /home/amal/ros2_ws/install/my_cpp_pkg/share/ament_index/resource_index/parent_prefix_path/my_cpp_pkg
[3.892s] -- Up-to-date: /home/amal/ros2_ws/install/my_cpp_pkg/share/my_cpp_pkg/environment/ament_prefix_path.sh
[3.892s] -- Installing: /home/amal/ros2_ws/install/my_cpp_pkg/share/my_cpp_pkg/environment/ament_prefix_path.dsv
[3.892s] -- Up-to-date: /home/amal/ros2_ws/install/my_cpp_pkg/share/my_cpp_pkg/environment/path.sh
[3.892s] -- Installing: /home/amal/ros2_ws/install/my_cpp_pkg/share/my_cpp_pkg/environment/path.dsv
[3.892s] -- Up-to-date: /home/amal/ros2_ws/install/my_cpp_pkg/share/my_cpp_pkg/local_setup.bash
[3.892s] -- Up-to-date: /home/amal/ros2_ws/install/my_cpp_pkg/share/my_cpp_pkg/local_setup.sh
[3.892s] -- Up-to-date: /home/amal/ros2_ws/install/my_cpp_pkg/share/my_cpp_pkg/local_setup.zsh
[3.893s] -- Installing: /home/amal/ros2_ws/install/my_cpp_pkg/share/my_cpp_pkg/local_setup.dsv
[3.893s] -- Installing: /home/amal/ros2_ws/install/my_cpp_pkg/share/my_cpp_pkg/package.dsv
[3.893s] -- Up-to-date: /home/amal/ros2_ws/install/my_cpp_pkg/share/ament_index/resource_index/packages/my_cpp_pkg
[3.893s] -- Up-to-date: /home/amal/ros2_ws/install/my_cpp_pkg/share/my_cpp_pkg/cmake/my_cpp_pkgConfig.cmake
[3.893s] -- Up-to-date: /home/amal/ros2_ws/install/my_cpp_pkg/share/my_cpp_pkg/cmake/my_cpp_pkgConfig-version.cmake
[3.893s] -- Up-to-date: /home/amal/ros2_ws/install/my_cpp_pkg/share/my_cpp_pkg/package.xml
[3.894s] Invoked command in '/home/amal/ros2_ws/build/my_cpp_pkg' returned '0': CMAKE_PREFIX_PATH=${CMAKE_PREFIX_PATH}:/home/amal/ros2_ws/install/my_py_pkg:/opt/ros/humble /usr/bin/cmake --install /home/amal/ros2_ws/build/my_cpp_pkg
